{"target": -2.8332951824768102, "params": {"cutprob_ratio": 3.8083792245183563, "div_fraction": 0.15527948427531943, "elite_fraction": 0.5, "gcprob": 0.0, "mu": 19.095312825541733, "mutprob": 0.5, "offspring_ratio": 1.6838959116232854, "trn_fraction": 0.5849308152368107}, "datetime": {"datetime": "2022-06-09 14:27:09", "elapsed": 1441684.152453, "delta": 24332.594918}}
