{"target": -3.3712953442762283, "params": {"cutprob_ratio": 2.2632817725493144, "div_fraction": 0.08306011257303994, "elite_fraction": 0.2959432077851177, "gcprob": 0.24751315230892995, "mu": 26.21338747628879, "mutprob": 0.43423850422089383, "offspring_ratio": 1.9920608579899404, "trn_fraction": 0.5816986551180684}, "datetime": {"datetime": "2022-05-23 21:59:05", "elapsed": 0.0, "delta": 0.0}}
{"target": -3.1728162427413906, "params": {"cutprob_ratio": 3.877770942231714, "div_fraction": 0.08895969649633928, "elite_fraction": 0.42943036502604526, "gcprob": 0.16156360673133413, "mu": 11.607110450933096, "mutprob": 0.4957164950595282, "offspring_ratio": 1.7394860421461666, "trn_fraction": 0.24743149777158668}, "datetime": {"datetime": "2022-05-24 04:45:33", "elapsed": 24388.249055, "delta": 24388.249055}}
{"target": -3.0414289744806533, "params": {"cutprob_ratio": 2.0376249817063, "div_fraction": 0.13394670677356427, "elite_fraction": 0.043644472768440246, "gcprob": 0.018727356290916014, "mu": 27.53419497412463, "mutprob": 0.4392576812364792, "offspring_ratio": 0.7713745361784005, "trn_fraction": 0.14667669394799887}, "datetime": {"datetime": "2022-05-24 11:18:39", "elapsed": 47974.313932, "delta": 23586.064877}}
{"target": -3.4975151428264892, "params": {"cutprob_ratio": 1.9528454320064332, "div_fraction": 0.17032127759887972, "elite_fraction": 0.49363311546336464, "gcprob": 0.24285849744985052, "mu": 34.86902902487935, "mutprob": 0.1891294822207057, "offspring_ratio": 1.9116293102608726, "trn_fraction": 0.5087491569147987}, "datetime": {"datetime": "2022-05-24 18:05:13", "elapsed": 72368.225227, "delta": 24393.911295}}
{"target": -3.301884545688938, "params": {"cutprob_ratio": 1.4444429969473855, "div_fraction": 0.07493475157356705, "elite_fraction": 0.47423417667235096, "gcprob": 0.18231639508981856, "mu": 37.505208841453, "mutprob": 0.4198447289046242, "offspring_ratio": 0.5045329574875043, "trn_fraction": 0.8033935493238171}, "datetime": {"datetime": "2022-05-25 00:51:47", "elapsed": 96762.63413, "delta": 24394.408903}}
{"target": -3.1565149682657343, "params": {"cutprob_ratio": 1.4876394760098877, "div_fraction": 0.013083016861212743, "elite_fraction": 0.38622415270948524, "gcprob": 0.20819349206765425, "mu": 27.288022501522562, "mutprob": 0.46984679548855757, "offspring_ratio": 0.6920123507595066, "trn_fraction": 0.4898595531580574}, "datetime": {"datetime": "2022-05-25 07:44:31", "elapsed": 121526.164353, "delta": 24763.530223}}
{"target": -3.5959887754970197, "params": {"cutprob_ratio": 3.004142994884248, "div_fraction": 0.25, "elite_fraction": 0.0, "gcprob": 0.0, "mu": 27.64215025755862, "mutprob": 0.0, "offspring_ratio": 0.5, "trn_fraction": 1.0}, "datetime": {"datetime": "2022-05-25 14:30:25", "elapsed": 145880.622223, "delta": 24354.45787}}
{"target": -3.4851787123689073, "params": {"cutprob_ratio": 1.5462683821309104, "div_fraction": 0.17554335628235743, "elite_fraction": 0.0, "gcprob": 0.0, "mu": 27.562839282619898, "mutprob": 0.5, "offspring_ratio": 1.4133811396078575, "trn_fraction": 0.0}, "datetime": {"datetime": "2022-05-25 21:16:14", "elapsed": 170229.90002, "delta": 24349.277797}}
{"target": -3.4691491037286766, "params": {"cutprob_ratio": 1.975469598717103, "div_fraction": 0.1466125890887295, "elite_fraction": 0.12613235877989493, "gcprob": 0.0044257232457724505, "mu": 73.76644049392915, "mutprob": 0.16026598556153449, "offspring_ratio": 0.7354255728082255, "trn_fraction": 0.7387212439338007}, "datetime": {"datetime": "2022-05-26 05:16:09", "elapsed": 199024.511391, "delta": 28794.611371}}
{"target": -3.1095772646070197, "params": {"cutprob_ratio": 2.1351465844213644, "div_fraction": 0.23576654591544896, "elite_fraction": 0.41100424283423015, "gcprob": 0.021866613552144754, "mu": 27.07939885049955, "mutprob": 0.054937928108831136, "offspring_ratio": 0.6395648524188176, "trn_fraction": 0.20505180868238926}, "datetime": {"datetime": "2022-05-26 12:22:17", "elapsed": 224592.705228, "delta": 25568.193837}}
{"target": -3.2203927323012023, "params": {"cutprob_ratio": 1.7273420638334103, "div_fraction": 0.03429075448853869, "elite_fraction": 0.02205900991796289, "gcprob": 0.11243483549565858, "mu": 26.72534310923177, "mutprob": 0.3943508889993656, "offspring_ratio": 0.5235586410686633, "trn_fraction": 0.04930540080766321}, "datetime": {"datetime": "2022-05-26 19:53:56", "elapsed": 251691.487569, "delta": 27098.782341}}
{"target": -2.7682213605379014, "params": {"cutprob_ratio": 1.9892459609100515, "div_fraction": 0.23888634508949347, "elite_fraction": 0.1803942875361052, "gcprob": 0.07072199743699459, "mu": 28.581099912351288, "mutprob": 0.45951675644235823, "offspring_ratio": 0.5772000401602944, "trn_fraction": 0.36573479381510676}, "datetime": {"datetime": "2022-05-27 02:28:40", "elapsed": 275374.971794, "delta": 23683.484225}}
{"target": -3.464627226256096, "params": {"cutprob_ratio": 2.1154696425227613, "div_fraction": 0.0, "elite_fraction": 0.5, "gcprob": 0.25, "mu": 28.3518365544892, "mutprob": 0.5, "offspring_ratio": 0.5, "trn_fraction": 0.0}, "datetime": {"datetime": "2022-05-27 09:14:37", "elapsed": 299732.399399, "delta": 24357.427605}}
{"target": -2.9778868445316653, "params": {"cutprob_ratio": 1.8628639733235808, "div_fraction": 0.25, "elite_fraction": 0.0, "gcprob": 0.0, "mu": 28.335810228055134, "mutprob": 0.4219004319239134, "offspring_ratio": 0.6306552140367812, "trn_fraction": 0.563638368526957}, "datetime": {"datetime": "2022-05-27 16:00:48", "elapsed": 324103.825833, "delta": 24371.426434}}
{"target": -3.300444608397844, "params": {"cutprob_ratio": 1.9653609481920067, "div_fraction": 0.25, "elite_fraction": 0.022096486820535412, "gcprob": 0.0, "mu": 28.916177584992287, "mutprob": 0.4634626953934485, "offspring_ratio": 0.6066740964614767, "trn_fraction": 0.4992773866318272}, "datetime": {"datetime": "2022-05-27 22:46:45", "elapsed": 348460.001312, "delta": 24356.175479}}
{"target": -3.279416305037415, "params": {"cutprob_ratio": 1.6678688027516202, "div_fraction": 0.12839968208505864, "elite_fraction": 0.3822061387400677, "gcprob": 0.23982751727930252, "mu": 28.305169079488262, "mutprob": 0.3455168280588821, "offspring_ratio": 0.918812250322384, "trn_fraction": 0.31548771745753534}, "datetime": {"datetime": "2022-05-28 06:03:48", "elapsed": 374683.680976, "delta": 26223.679664}}
{"target": -3.765275515354083, "params": {"cutprob_ratio": 2.217016302598196, "div_fraction": 0.09317722461947275, "elite_fraction": 0.10152172452226943, "gcprob": 0.2093820354851551, "mu": 93.96411506235413, "mutprob": 0.29024199834191416, "offspring_ratio": 0.6287844180044178, "trn_fraction": 0.2363526160160384}, "datetime": {"datetime": "2022-05-28 15:22:34", "elapsed": 408209.025618, "delta": 33525.344642}}
{"target": -3.2501954076774355, "params": {"cutprob_ratio": 2.1546464491752855, "div_fraction": 0.14277111841812898, "elite_fraction": 0.26941257968719245, "gcprob": 0.19315648729869755, "mu": 26.37518172600635, "mutprob": 0.3440082194310397, "offspring_ratio": 1.8829183088945443, "trn_fraction": 0.48495722491580395}, "datetime": {"datetime": "2022-05-28 22:51:09", "elapsed": 435124.309928, "delta": 26915.28431}}
{"target": -3.1889386712205416, "params": {"cutprob_ratio": 3.394401686903723, "div_fraction": 0.1963315986575114, "elite_fraction": 0.45376374959401977, "gcprob": 0.011938792075817967, "mu": 84.92194013829182, "mutprob": 0.48994744794413897, "offspring_ratio": 0.8793179089303226, "trn_fraction": 0.7168138484096301}, "datetime": {"datetime": "2022-05-29 09:47:39", "elapsed": 474514.4802, "delta": 39390.170272}}
{"target": -3.1423048919861665, "params": {"cutprob_ratio": 2.185668960502795, "div_fraction": 0.10259854716956537, "elite_fraction": 0.057161872063177854, "gcprob": 0.1518325918046053, "mu": 28.55736487650316, "mutprob": 0.3042912248880323, "offspring_ratio": 0.7265650113108487, "trn_fraction": 0.3801858819134313}, "datetime": {"datetime": "2022-05-29 17:19:13", "elapsed": 501608.465444, "delta": 27093.985244}}
{"target": -3.113776640190296, "params": {"cutprob_ratio": 2.1170907175019495, "div_fraction": 0.1800175968479599, "elite_fraction": 0.43709313413479933, "gcprob": 0.08103174103227828, "mu": 28.532557241893148, "mutprob": 0.047375268804199566, "offspring_ratio": 0.5212855722461349, "trn_fraction": 0.5523088529068817}, "datetime": {"datetime": "2022-05-30 00:05:06", "elapsed": 525961.195148, "delta": 24352.729704}}
{"target": -2.7729136427780636, "params": {"cutprob_ratio": 3.4365198935447165, "div_fraction": 0.19596489753522167, "elite_fraction": 0.314037982408873, "gcprob": 0.047401831889400475, "mu": 19.0590980217012, "mutprob": 0.4651760366640746, "offspring_ratio": 1.6685649223371866, "trn_fraction": 0.9355613183471675}, "datetime": {"datetime": "2022-05-30 06:40:48", "elapsed": 549703.617251, "delta": 23742.422103}}
{"target": -2.8227092473463036, "params": {"cutprob_ratio": 2.022386908107004, "div_fraction": 0.25, "elite_fraction": 0.33707778018718915, "gcprob": 0.0, "mu": 28.41689158684903, "mutprob": 0.5, "offspring_ratio": 0.5, "trn_fraction": 0.5356535464224689}, "datetime": {"datetime": "2022-05-30 13:09:19", "elapsed": 573014.164006, "delta": 23310.546755}}
{"target": -4.02827048912331, "params": {"cutprob_ratio": 3.4893558021314774, "div_fraction": 0.20946647164442714, "elite_fraction": 0.3561676614219987, "gcprob": 0.24601136972444948, "mu": 91.18607359769652, "mutprob": 0.16875807498601397, "offspring_ratio": 1.4170854273775504, "trn_fraction": 0.8047761051315822}, "datetime": {"datetime": "2022-05-30 22:58:47", "elapsed": 608382.136063, "delta": 35367.972057}}
{"target": -3.55397543635038, "params": {"cutprob_ratio": 1.2698592224802734, "div_fraction": 0.14160001026064228, "elite_fraction": 0.4274002550724229, "gcprob": 0.15212206241330095, "mu": 71.70832121579446, "mutprob": 0.3687786335531206, "offspring_ratio": 0.6960120645043468, "trn_fraction": 0.25828938373077825}, "datetime": {"datetime": "2022-05-31 06:54:33", "elapsed": 636928.834893, "delta": 28546.69883}}
{"target": -3.7895801852808217, "params": {"cutprob_ratio": 3.1075839214945478, "div_fraction": 0.013884872085178773, "elite_fraction": 0.18237565143294532, "gcprob": 0.2458925503387232, "mu": 57.40511669979414, "mutprob": 0.4502757693175757, "offspring_ratio": 1.1076055138944811, "trn_fraction": 0.8480993245735872}, "datetime": {"datetime": "2022-05-31 14:00:30", "elapsed": 662485.37956, "delta": 25556.544667}}
{"target": -3.5442367336961014, "params": {"cutprob_ratio": 2.7735758612063943, "div_fraction": 0.020913103754252538, "elite_fraction": 0.2775832036832473, "gcprob": 0.1310278600019611, "mu": 33.90949770439201, "mutprob": 0.34484598657345983, "offspring_ratio": 1.4090650397119049, "trn_fraction": 0.05843182803824698}, "datetime": {"datetime": "2022-05-31 20:48:32", "elapsed": 686967.27468, "delta": 24481.89512}}
{"target": -2.656740580386262, "params": {"cutprob_ratio": 3.7048413840552974, "div_fraction": 0.10786863066577859, "elite_fraction": 0.44844087471901795, "gcprob": 0.0007977749579443638, "mu": 18.78373925496716, "mutprob": 0.3627208460094819, "offspring_ratio": 1.7333577013875603, "trn_fraction": 0.915162858261231}, "datetime": {"datetime": "2022-06-01 03:34:30", "elapsed": 711325.27497, "delta": 24358.00029}}
{"target": -2.843395533443128, "params": {"cutprob_ratio": 3.4194197135331383, "div_fraction": 0.17944455572715304, "elite_fraction": 0.30047653489716447, "gcprob": 0.07181444382896454, "mu": 18.54717779471601, "mutprob": 0.3901479039940597, "offspring_ratio": 1.6005618227491805, "trn_fraction": 0.8259809734908474}, "datetime": {"datetime": "2022-06-01 10:39:37", "elapsed": 736832.623475, "delta": 25507.348505}}
{"target": -3.8894685723856397, "params": {"cutprob_ratio": 2.9048255014164583, "div_fraction": 0.14865715840486657, "elite_fraction": 0.3967003718984422, "gcprob": 0.18615387132608296, "mu": 98.69151499200059, "mutprob": 0.41616683508472047, "offspring_ratio": 1.9228742510362062, "trn_fraction": 0.07185785106454767}, "datetime": {"datetime": "2022-06-01 20:22:38", "elapsed": 771813.064421, "delta": 34980.440946}}
{"target": -3.723620841408045, "params": {"cutprob_ratio": 2.945254148206875, "div_fraction": 0.1907995976306239, "elite_fraction": 0.2601373846166071, "gcprob": 0.18838885178074383, "mu": 40.2232166013572, "mutprob": 0.060698031763813054, "offspring_ratio": 1.6002401459565152, "trn_fraction": 0.6672242610807823}, "datetime": {"datetime": "2022-06-02 03:50:46", "elapsed": 798701.641526, "delta": 26888.577105}}
{"target": -3.7078465323155987, "params": {"cutprob_ratio": 2.0366603528717433, "div_fraction": 0.245137556631751, "elite_fraction": 0.009990732343355069, "gcprob": 0.16781274541595478, "mu": 27.165305904903583, "mutprob": 0.03310572479126245, "offspring_ratio": 1.7504590637052564, "trn_fraction": 0.8528758691575933}, "datetime": {"datetime": "2022-06-02 10:30:10", "elapsed": 822665.23626, "delta": 23963.594734}}
{"target": -3.0018931156235373, "params": {"cutprob_ratio": 2.0673966487563558, "div_fraction": 0.08354396818647777, "elite_fraction": 0.4587912446440793, "gcprob": 0.06622076492951753, "mu": 26.34681087880447, "mutprob": 0.2518415107724313, "offspring_ratio": 1.814310717190223, "trn_fraction": 0.45207819512580727}, "datetime": {"datetime": "2022-06-02 17:17:05", "elapsed": 847080.376473, "delta": 24415.140213}}
{"target": -3.2055908839229437, "params": {"cutprob_ratio": 3.6760610255202426, "div_fraction": 0.23086897613480056, "elite_fraction": 0.19870199674972777, "gcprob": 0.16784051628537225, "mu": 18.775214313417585, "mutprob": 0.18807573692327773, "offspring_ratio": 1.8619606898106544, "trn_fraction": 0.6022988781679643}, "datetime": {"datetime": "2022-06-03 00:02:49", "elapsed": 871424.706812, "delta": 24344.330339}}
{"target": -2.8324523911683177, "params": {"cutprob_ratio": 3.661609479821426, "div_fraction": 0.0, "elite_fraction": 0.5, "gcprob": 0.0, "mu": 18.842546429447143, "mutprob": 0.5, "offspring_ratio": 1.3435592099708422, "trn_fraction": 1.0}, "datetime": {"datetime": "2022-06-03 06:38:25", "elapsed": 895160.53606, "delta": 23735.829248}}
{"target": -3.275686621256155, "params": {"cutprob_ratio": 3.709317733330178, "div_fraction": 0.1024804873203061, "elite_fraction": 0.3285490703173985, "gcprob": 0.09022362875900325, "mu": 47.290512226904276, "mutprob": 0.2530085750620903, "offspring_ratio": 1.95980167565827, "trn_fraction": 0.29388038807910366}, "datetime": {"datetime": "2022-06-03 14:06:24", "elapsed": 922039.789043, "delta": 26879.252983}}
{"target": -3.4629340567826516, "params": {"cutprob_ratio": 1.944119509522904, "div_fraction": 0.15130092608628698, "elite_fraction": 0.3421206866430232, "gcprob": 0.11756283195350753, "mu": 55.452414437084194, "mutprob": 0.2980859921952751, "offspring_ratio": 1.5009164941038897, "trn_fraction": 0.4024698759630849}, "datetime": {"datetime": "2022-06-03 21:06:40", "elapsed": 947255.620402, "delta": 25215.831359}}
{"target": -2.8910323776861864, "params": {"cutprob_ratio": 3.376221588520421, "div_fraction": 0.0, "elite_fraction": 0.5, "gcprob": 0.0, "mu": 18.84514163124373, "mutprob": 0.14039472250967142, "offspring_ratio": 1.680020515205121, "trn_fraction": 1.0}, "datetime": {"datetime": "2022-06-04 03:32:24", "elapsed": 970399.932698, "delta": 23144.312296}}
{"target": -3.6232112713217512, "params": {"cutprob_ratio": 2.285337987919252, "div_fraction": 0.1439620069500796, "elite_fraction": 0.16011653136203263, "gcprob": 0.1371837903162518, "mu": 67.94090949414164, "mutprob": 0.2509024925186832, "offspring_ratio": 0.6621740487193397, "trn_fraction": 0.9530112964764329}, "datetime": {"datetime": "2022-06-04 11:15:30", "elapsed": 998185.088217, "delta": 27785.155519}}
{"target": -3.592620890823831, "params": {"cutprob_ratio": 2.4780322010817253, "div_fraction": 0.05918073811896887, "elite_fraction": 0.16814276142164597, "gcprob": 0.006472996197068259, "mu": 100.0618315144537, "mutprob": 0.4960981433802822, "offspring_ratio": 0.9430535418245196, "trn_fraction": 0.7298174536328484}, "datetime": {"datetime": "2022-06-04 23:01:04", "elapsed": 1040518.971532, "delta": 42333.883315}}
{"target": -3.3456494567708015, "params": {"cutprob_ratio": 3.3038557767580277, "div_fraction": 0.014385365106989012, "elite_fraction": 0.3953349670292441, "gcprob": 0.040033885324736895, "mu": 26.02392794075054, "mutprob": 0.03203654532382183, "offspring_ratio": 1.0486149170870769, "trn_fraction": 0.6825968800322354}, "datetime": {"datetime": "2022-06-05 05:45:25", "elapsed": 1064779.954639, "delta": 24260.983107}}
{"target": -2.5078691272558116, "params": {"cutprob_ratio": 3.9854886597479617, "div_fraction": 0.1093841909774231, "elite_fraction": 0.4629737727081273, "gcprob": 0.04549291223601584, "mu": 19.290661707816255, "mutprob": 0.39263987831525593, "offspring_ratio": 1.7972150069620512, "trn_fraction": 0.7876896021621146}, "datetime": {"datetime": "2022-06-05 12:18:25", "elapsed": 1088360.692869, "delta": 23580.73823}}
{"target": -3.068105812095047, "params": {"cutprob_ratio": 3.8766530564989545, "div_fraction": 0.0, "elite_fraction": 0.5, "gcprob": 0.0, "mu": 19.189482852600946, "mutprob": 0.5, "offspring_ratio": 2.0, "trn_fraction": 1.0}, "datetime": {"datetime": "2022-06-05 19:02:26", "elapsed": 1112601.370215, "delta": 24240.677346}}
{"target": -3.8958424678802848, "params": {"cutprob_ratio": 3.651979153804113, "div_fraction": 0.18459463749009783, "elite_fraction": 0.4037378658432967, "gcprob": 0.19484979984470904, "mu": 99.01619889880895, "mutprob": 0.035145069173223076, "offspring_ratio": 1.3873153324283287, "trn_fraction": 0.8415532131172162}, "datetime": {"datetime": "2022-06-06 04:49:13", "elapsed": 1147808.120499, "delta": 35206.750284}}
{"target": -3.723243255405773, "params": {"cutprob_ratio": 1.2583756271231037, "div_fraction": 0.13033408357935333, "elite_fraction": 0.29515949664199276, "gcprob": 0.22563353714236278, "mu": 89.81744581770643, "mutprob": 0.33532628028498024, "offspring_ratio": 1.4201618199373227, "trn_fraction": 0.26004053403103056}, "datetime": {"datetime": "2022-06-06 13:54:03", "elapsed": 1180498.149772, "delta": 32690.029273}}
{"target": -3.4440152886908395, "params": {"cutprob_ratio": 3.0203578284056847, "div_fraction": 0.20827394492803858, "elite_fraction": 0.17098178732646846, "gcprob": 0.07577020290770128, "mu": 58.62735933295, "mutprob": 0.2358203525737264, "offspring_ratio": 1.8748634900813754, "trn_fraction": 0.3362879319692207}, "datetime": {"datetime": "2022-06-06 21:04:38", "elapsed": 1206333.336908, "delta": 25835.187136}}
{"target": -2.978972635826633, "params": {"cutprob_ratio": 2.346197666784156, "div_fraction": 0.08404155250640594, "elite_fraction": 0.20285894621305783, "gcprob": 0.02822427930268681, "mu": 26.494358337243845, "mutprob": 0.302178934039159, "offspring_ratio": 1.9341320872934844, "trn_fraction": 0.5180827005414307}, "datetime": {"datetime": "2022-06-07 04:22:43", "elapsed": 1232618.789023, "delta": 26285.452115}}
{"target": -3.8934999638858416, "params": {"cutprob_ratio": 3.0296966789897297, "div_fraction": 0.11972271663193618, "elite_fraction": 0.4836354851155936, "gcprob": 0.1943404482377326, "mu": 95.89639622926184, "mutprob": 0.2804549059432964, "offspring_ratio": 0.5370674341461439, "trn_fraction": 0.05226884966193224}, "datetime": {"datetime": "2022-06-07 13:53:01", "elapsed": 1266836.133271, "delta": 34217.344248}}
{"target": -2.9274941614484637, "params": {"cutprob_ratio": 3.771410781735332, "div_fraction": 0.11643192133448363, "elite_fraction": 0.49682750143499865, "gcprob": 0.1342075998094787, "mu": 19.622366385321907, "mutprob": 0.31701719372557824, "offspring_ratio": 1.7179835558848116, "trn_fraction": 0.6641980430951027}, "datetime": {"datetime": "2022-06-07 20:39:24", "elapsed": 1291219.617049, "delta": 24383.483778}}
{"target": -2.7057694474490988, "params": {"cutprob_ratio": 4.0, "div_fraction": 0.25, "elite_fraction": 0.5, "gcprob": 0.0, "mu": 19.146952727425646, "mutprob": 0.30939674081719265, "offspring_ratio": 1.4908938100703863, "trn_fraction": 0.8072296811032851}, "datetime": {"datetime": "2022-06-08 03:30:52", "elapsed": 1315907.076193, "delta": 24687.459144}}
{"target": -3.1781482314250042, "params": {"cutprob_ratio": 3.6568063708790666, "div_fraction": 0.033380029811267364, "elite_fraction": 0.3579130276947669, "gcprob": 0.13716754764410832, "mu": 18.72690262294081, "mutprob": 0.23795661628006132, "offspring_ratio": 1.714463907815679, "trn_fraction": 0.8834767143881623}, "datetime": {"datetime": "2022-06-08 10:53:41", "elapsed": 1342476.752058, "delta": 26569.675865}}
{"target": -3.247807345823838, "params": {"cutprob_ratio": 3.865643279511016, "div_fraction": 0.20563384769282003, "elite_fraction": 0.22648742486455964, "gcprob": 0.11404159041678757, "mu": 19.369572547722065, "mutprob": 0.08358237342245584, "offspring_ratio": 1.731466731466914, "trn_fraction": 0.8681002721607478}, "datetime": {"datetime": "2022-06-08 17:28:07", "elapsed": 1366142.495793, "delta": 23665.743735}}
{"target": -2.8918529793668224, "params": {"cutprob_ratio": 3.724067274676728, "div_fraction": 0.07315916267998043, "elite_fraction": 0.06456072414800718, "gcprob": 0.06792966729357211, "mu": 19.28032731768337, "mutprob": 0.47301949266540644, "offspring_ratio": 1.2636837050352865, "trn_fraction": 0.7789362351010652}, "datetime": {"datetime": "2022-06-09 00:55:31", "elapsed": 1392985.99434, "delta": 26843.498547}}
{"target": -3.1508632700673633, "params": {"cutprob_ratio": 3.8790268321154544, "div_fraction": 0.14881051162775427, "elite_fraction": 0.3132970044383174, "gcprob": 0.19443331602941263, "mu": 11.452597821844876, "mutprob": 0.4753871821901015, "offspring_ratio": 1.710950556456715, "trn_fraction": 0.4043966101478902}, "datetime": {"datetime": "2022-06-09 07:41:36", "elapsed": 1417351.557535, "delta": 24365.563195}}
