{"target": -3.2347121355777033, "params": {"cutprob_ratio": 1.5731418377778668, "div_fraction": 0.09544151421108873, "elite_fraction": 0.2298431151702522, "gcprob": 0.18529086011517182, "mu": 53.14287985661856, "mutprob": 0.20917786830922358, "offspring_ratio": 1.6373256600913302, "trn_fraction": 0.7242489240599356}, "datetime": {"datetime": "2022-05-05 19:51:02", "elapsed": 0.0, "delta": 0.0}}
{"target": -2.662294735867025, "params": {"cutprob_ratio": 3.189027700545531, "div_fraction": 0.16170046101240393, "elite_fraction": 0.24354168227590867, "gcprob": 0.21154297891699572, "mu": 96.158240796554, "mutprob": 0.45926062810271784, "offspring_ratio": 1.842098724460963, "trn_fraction": 0.2078770405479453}, "datetime": {"datetime": "2022-05-05 19:56:46", "elapsed": 344.122621, "delta": 344.122621}}
{"target": -2.9197408458725427, "params": {"cutprob_ratio": 1.4771108230363539, "div_fraction": 0.034796333456577955, "elite_fraction": 0.4945850873992658, "gcprob": 0.005120812939233499, "mu": 46.16555970238424, "mutprob": 0.36825471220799666, "offspring_ratio": 1.7932509801886083, "trn_fraction": 0.17754005870106038}, "datetime": {"datetime": "2022-05-05 20:01:43", "elapsed": 641.090751, "delta": 296.96813}}
{"target": -1.66801030505422, "params": {"cutprob_ratio": 1.7851355012218786, "div_fraction": 0.23608183138504577, "elite_fraction": 0.1631347316501338, "gcprob": 0.057447569792563796, "mu": 49.90913674534241, "mutprob": 0.460998253914164, "offspring_ratio": 1.6831417386256033, "trn_fraction": 0.7547346884302902}, "datetime": {"datetime": "2022-05-05 20:05:51", "elapsed": 889.534313, "delta": 248.443562}}
{"target": -2.385368697307544, "params": {"cutprob_ratio": 2.2129032591366604, "div_fraction": 0.046802824737022936, "elite_fraction": 0.4649950131083016, "gcprob": 0.22833695460971126, "mu": 30.00531795348193, "mutprob": 0.48223072161905356, "offspring_ratio": 1.3413848509594473, "trn_fraction": 0.39782520057458615}, "datetime": {"datetime": "2022-05-05 20:10:47", "elapsed": 1185.524889, "delta": 295.990576}}
{"target": -3.1096098266859102, "params": {"cutprob_ratio": 3.0903454023242407, "div_fraction": 0.005012694427665304, "elite_fraction": 0.41893419973685375, "gcprob": 0.08642543648921636, "mu": 57.51198656071806, "mutprob": 0.10604160591559525, "offspring_ratio": 1.4571832366125248, "trn_fraction": 0.9360872305230983}, "datetime": {"datetime": "2022-05-05 20:15:41", "elapsed": 1478.849196, "delta": 293.324307}}
{"target": -2.767354335729177, "params": {"cutprob_ratio": 3.2136664730978812, "div_fraction": 0.13636997974626888, "elite_fraction": 0.2239401758467332, "gcprob": 0.1498808489937228, "mu": 52.78281760696855, "mutprob": 0.4138732930735995, "offspring_ratio": 1.1769797942373363, "trn_fraction": 0.8834150666692552}, "datetime": {"datetime": "2022-05-05 20:20:33", "elapsed": 1770.833019, "delta": 291.983823}}
{"target": -2.6455713469198874, "params": {"cutprob_ratio": 3.9192822939487684, "div_fraction": 0.12278277481555017, "elite_fraction": 0.12452299479316276, "gcprob": 0.23880897792860623, "mu": 15.382106835858046, "mutprob": 0.20777806993825232, "offspring_ratio": 0.6395015599376397, "trn_fraction": 0.23033322206516493}, "datetime": {"datetime": "2022-05-05 20:24:47", "elapsed": 2025.563782, "delta": 254.730763}}
{"target": -3.609003930157151, "params": {"cutprob_ratio": 2.0177476013552385, "div_fraction": 0.0044195552772128555, "elite_fraction": 0.19603104885382594, "gcprob": 0.10945771654913658, "mu": 68.93197326634333, "mutprob": 0.11659128207468317, "offspring_ratio": 1.1666802830641827, "trn_fraction": 0.9937225146920385}, "datetime": {"datetime": "2022-05-05 20:29:47", "elapsed": 2325.51254, "delta": 299.948758}}
{"target": -3.4343605667677877, "params": {"cutprob_ratio": 2.45437286174192, "div_fraction": 0.011824932488656903, "elite_fraction": 0.46020223322220727, "gcprob": 0.12593899149917906, "mu": 82.48241885604796, "mutprob": 0.2647612348227518, "offspring_ratio": 1.5198231099153712, "trn_fraction": 0.10882239152660778}, "datetime": {"datetime": "2022-05-05 20:35:20", "elapsed": 2657.777885, "delta": 332.265345}}
{"target": -2.6964228711451987, "params": {"cutprob_ratio": 2.183012627898099, "div_fraction": 0.025149315864467836, "elite_fraction": 0.05468787195664104, "gcprob": 0.05017788018196939, "mu": 11.00022185985682, "mutprob": 0.36096092952401054, "offspring_ratio": 0.8025011060508425, "trn_fraction": 0.16860295182544616}, "datetime": {"datetime": "2022-05-05 20:39:42", "elapsed": 2919.697983, "delta": 261.920098}}
{"target": -2.2693322715338042, "params": {"cutprob_ratio": 3.1250563168299967, "div_fraction": 0.014916367134312297, "elite_fraction": 0.3983162976200181, "gcprob": 0.017671754059704448, "mu": 52.70492271815737, "mutprob": 0.352570770199427, "offspring_ratio": 1.1108477544953808, "trn_fraction": 0.8208706153649263}, "datetime": {"datetime": "2022-05-05 20:44:59", "elapsed": 3237.067733, "delta": 317.36975}}
{"target": -3.05462228896504, "params": {"cutprob_ratio": 1.7501838092416797, "div_fraction": 0.24072825605125428, "elite_fraction": 0.1253758925456393, "gcprob": 0.13346538312600625, "mu": 29.76212133726598, "mutprob": 0.08658299296466265, "offspring_ratio": 0.5487702508665013, "trn_fraction": 0.24662225581280373}, "datetime": {"datetime": "2022-05-05 20:49:38", "elapsed": 3516.088078, "delta": 279.020345}}
{"target": -3.24284811704163, "params": {"cutprob_ratio": 3.1880875027673303, "div_fraction": 0.0026318836553345937, "elite_fraction": 0.11005412351306731, "gcprob": 0.03338275541251959, "mu": 94.80463702804082, "mutprob": 0.1565571464276313, "offspring_ratio": 0.7001269916286383, "trn_fraction": 0.278844909201741}, "datetime": {"datetime": "2022-05-05 20:55:22", "elapsed": 3860.60376, "delta": 344.515682}}
{"target": -2.3419528708878126, "params": {"cutprob_ratio": 1.7821752884040603, "div_fraction": 0.040807752591477425, "elite_fraction": 0.04338600033021278, "gcprob": 0.19300747045362093, "mu": 49.697405464973066, "mutprob": 0.2226469122556748, "offspring_ratio": 1.5265457497683195, "trn_fraction": 0.9345962660857855}, "datetime": {"datetime": "2022-05-05 20:59:33", "elapsed": 4110.933213, "delta": 250.329453}}
{"target": -2.8274008638399906, "params": {"cutprob_ratio": 1.06293338693115, "div_fraction": 0.13942830546624368, "elite_fraction": 0.27407155802780603, "gcprob": 0.21132070747371348, "mu": 52.313009301727966, "mutprob": 0.3858548199912586, "offspring_ratio": 1.4504500230083743, "trn_fraction": 0.04497563148167594}, "datetime": {"datetime": "2022-05-05 21:03:41", "elapsed": 4359.210722, "delta": 248.277509}}
{"target": -1.861016115289308, "params": {"cutprob_ratio": 2.1569099930988145, "div_fraction": 0.014633785773384256, "elite_fraction": 0.0403193537226898, "gcprob": 0.1698777675967544, "mu": 11.110930769430864, "mutprob": 0.48708706061802226, "offspring_ratio": 0.8493810885871854, "trn_fraction": 0.13662260856328456}, "datetime": {"datetime": "2022-05-05 21:07:28", "elapsed": 4585.808108, "delta": 226.597386}}
{"target": -2.190605949326755, "params": {"cutprob_ratio": 1.808571355378481, "div_fraction": 0.13598946951029925, "elite_fraction": 0.31041507865084367, "gcprob": 0.24006782667757445, "mu": 49.7516936198899, "mutprob": 0.37935138203467555, "offspring_ratio": 1.5029286287081154, "trn_fraction": 0.6419896336406402}, "datetime": {"datetime": "2022-05-05 21:11:36", "elapsed": 4834.058968, "delta": 248.25086}}
{"target": -2.0808322731486952, "params": {"cutprob_ratio": 1.8475901764698435, "div_fraction": 0.06530104257852595, "elite_fraction": 0.4968319950734456, "gcprob": 0.16860843252216215, "mu": 75.59234327124175, "mutprob": 0.4455703720426459, "offspring_ratio": 0.9330956891760904, "trn_fraction": 0.273022105863988}, "datetime": {"datetime": "2022-05-05 21:15:57", "elapsed": 5094.814332, "delta": 260.755364}}
{"target": -0.9324323279823724, "params": {"cutprob_ratio": 2.020261893488459, "div_fraction": 0.20755632881669045, "elite_fraction": 0.19755418471973524, "gcprob": 0.12095088684352412, "mu": 20.36093750991653, "mutprob": 0.40483189568593064, "offspring_ratio": 1.0886866426230442, "trn_fraction": 0.9617453899373251}, "datetime": {"datetime": "2022-05-05 21:19:49", "elapsed": 5327.397879, "delta": 232.583547}}
{"target": -2.8379404559132198, "params": {"cutprob_ratio": 2.282974395103164, "div_fraction": 0.17599495327696632, "elite_fraction": 0.02613760638044449, "gcprob": 0.1191413004568897, "mu": 70.79123927737315, "mutprob": 0.12601988405257325, "offspring_ratio": 0.842278907695513, "trn_fraction": 0.02998481987117052}, "datetime": {"datetime": "2022-05-05 21:24:09", "elapsed": 5586.770794, "delta": 259.372915}}
{"target": -2.181223042910004, "params": {"cutprob_ratio": 3.212737947004715, "div_fraction": 0.06261702245244849, "elite_fraction": 0.14030543660827666, "gcprob": 0.2360572276327765, "mu": 16.279864462910535, "mutprob": 0.020140935230622492, "offspring_ratio": 0.5417658272102398, "trn_fraction": 0.6970073390777238}, "datetime": {"datetime": "2022-05-05 21:28:03", "elapsed": 5821.090109, "delta": 234.319315}}
{"target": -1.2086849613506885, "params": {"cutprob_ratio": 2.784677331138725, "div_fraction": 0.20132104321745517, "elite_fraction": 0.037283647125807284, "gcprob": 0.08484654240590656, "mu": 62.57397590263506, "mutprob": 0.4494220102274936, "offspring_ratio": 1.2001615224753681, "trn_fraction": 0.48422095282658206}, "datetime": {"datetime": "2022-05-05 21:32:17", "elapsed": 6075.237909, "delta": 254.1478}}
{"target": -2.0092267859421975, "params": {"cutprob_ratio": 3.4248550464539935, "div_fraction": 0.10635876752900086, "elite_fraction": 0.172204040774516, "gcprob": 0.22234980471254856, "mu": 24.197086810333182, "mutprob": 0.4874181915958663, "offspring_ratio": 0.8758182439393467, "trn_fraction": 0.4046847993661894}, "datetime": {"datetime": "2022-05-05 21:36:28", "elapsed": 6326.624951, "delta": 251.387042}}
{"target": -2.294742994344945, "params": {"cutprob_ratio": 2.6472826086892773, "div_fraction": 0.19321337443909942, "elite_fraction": 0.22621066398239897, "gcprob": 0.11147927488928047, "mu": 32.90906409739749, "mutprob": 0.10420289025083779, "offspring_ratio": 1.052967824647103, "trn_fraction": 0.6111456724731008}, "datetime": {"datetime": "2022-05-05 21:40:41", "elapsed": 6579.387303, "delta": 252.762352}}
{"target": -1.7853122709528213, "params": {"cutprob_ratio": 1.4397186033098022, "div_fraction": 0.054800759933703286, "elite_fraction": 0.4338437180794207, "gcprob": 0.020733249921791347, "mu": 18.47034290874526, "mutprob": 0.389652648921661, "offspring_ratio": 0.7081869468234383, "trn_fraction": 0.1619397704235801}, "datetime": {"datetime": "2022-05-05 21:44:40", "elapsed": 6818.362781, "delta": 238.975478}}
{"target": -2.218141411972215, "params": {"cutprob_ratio": 2.6467653068556762, "div_fraction": 0.1444802947419028, "elite_fraction": 0.1982164825608151, "gcprob": 0.07789173393667762, "mu": 22.44204613068011, "mutprob": 0.05176317237298539, "offspring_ratio": 1.8255115827350836, "trn_fraction": 0.8305806518027291}, "datetime": {"datetime": "2022-05-05 21:48:42", "elapsed": 7059.723534, "delta": 241.360753}}
{"target": -1.862225662584079, "params": {"cutprob_ratio": 1.1333004173074417, "div_fraction": 0.04551724638858201, "elite_fraction": 0.1800368588525314, "gcprob": 0.11889775787036674, "mu": 43.80180427970935, "mutprob": 0.22754087282101587, "offspring_ratio": 0.7948530334393782, "trn_fraction": 0.6453458787513922}, "datetime": {"datetime": "2022-05-05 21:52:55", "elapsed": 7313.079462, "delta": 253.355928}}
{"target": -2.077636425055536, "params": {"cutprob_ratio": 1.3732993815440224, "div_fraction": 0.09189158859644769, "elite_fraction": 0.36044851744275647, "gcprob": 0.026517623647032612, "mu": 75.93820492111793, "mutprob": 0.3145885750815918, "offspring_ratio": 1.0205456392842251, "trn_fraction": 0.7897535673949202}, "datetime": {"datetime": "2022-05-05 21:57:28", "elapsed": 7586.470254, "delta": 273.390792}}
{"target": -2.68544370838298, "params": {"cutprob_ratio": 3.661920448659113, "div_fraction": 0.19449999913208457, "elite_fraction": 0.02788986024183987, "gcprob": 0.16450801833366163, "mu": 36.49626415851129, "mutprob": 0.23088677949215547, "offspring_ratio": 1.7293348156737678, "trn_fraction": 0.9857526563151745}, "datetime": {"datetime": "2022-05-05 22:01:38", "elapsed": 7835.741989, "delta": 249.271735}}
{"target": -3.346817025456709, "params": {"cutprob_ratio": 3.4968562535249097, "div_fraction": 0.16838911113511162, "elite_fraction": 0.22164693811031833, "gcprob": 0.17436891116443692, "mu": 97.13615196135933, "mutprob": 0.008804345175987993, "offspring_ratio": 0.9418893161762139, "trn_fraction": 0.6838706227441474}, "datetime": {"datetime": "2022-05-05 22:06:25", "elapsed": 8123.301873, "delta": 287.559884}}
{"target": -1.880473431824636, "params": {"cutprob_ratio": 2.7671891899242693, "div_fraction": 0.15112708833837926, "elite_fraction": 0.13444871911657502, "gcprob": 0.18557992602477547, "mu": 19.99972411451904, "mutprob": 0.12228101973740446, "offspring_ratio": 0.7795959560857115, "trn_fraction": 0.3850450152358935}, "datetime": {"datetime": "2022-05-05 22:10:25", "elapsed": 8363.368943, "delta": 240.06707}}
{"target": -2.8276293811412274, "params": {"cutprob_ratio": 2.5026911229729247, "div_fraction": 0.10735823914377113, "elite_fraction": 0.28050862590480374, "gcprob": 0.18989942647535893, "mu": 73.93603991340652, "mutprob": 0.3757859696853761, "offspring_ratio": 1.3943417505543243, "trn_fraction": 0.34116666964945364}, "datetime": {"datetime": "2022-05-05 22:14:58", "elapsed": 8636.372134, "delta": 273.003191}}
{"target": -1.4328156829857701, "params": {"cutprob_ratio": 1.4047394395209922, "div_fraction": 0.18907825978890075, "elite_fraction": 0.4435447030796721, "gcprob": 0.23510208375217867, "mu": 9.519078123904263, "mutprob": 0.4300805021402347, "offspring_ratio": 0.8138695726828571, "trn_fraction": 0.6924661144070194}, "datetime": {"datetime": "2022-05-05 22:18:51", "elapsed": 8869.245483, "delta": 232.873349}}
{"target": -2.415038171398169, "params": {"cutprob_ratio": 1.9440504813704458, "div_fraction": 0.23708074699061704, "elite_fraction": 0.03283786022452706, "gcprob": 0.007613644217148108, "mu": 54.52435859450715, "mutprob": 0.1622392251578137, "offspring_ratio": 1.5669366779053808, "trn_fraction": 0.235550724845211}, "datetime": {"datetime": "2022-05-05 22:23:12", "elapsed": 9129.809463, "delta": 260.56398}}
{"target": -2.8043919578599237, "params": {"cutprob_ratio": 3.52258768054241, "div_fraction": 0.023785354817609683, "elite_fraction": 0.2505249997407716, "gcprob": 0.15089625788098407, "mu": 50.4398837804178, "mutprob": 0.2037628127250417, "offspring_ratio": 0.7369016454454761, "trn_fraction": 0.11063809095296795}, "datetime": {"datetime": "2022-05-05 22:27:29", "elapsed": 9386.852554, "delta": 257.043091}}
