{"target": -4.611382164241388, "params": {"gcprob": 0.4031191838943732, "mutprob": 0.1985659665095723, "pcprob": 0.718632058845875, "trnsize": 22.759945162094603}, "datetime": {"datetime": "2022-05-04 15:36:39", "elapsed": 0.0, "delta": 0.0}}
{"target": -4.276858677876475, "params": {"gcprob": 0.42750873285598545, "mutprob": 0.24093288655338319, "pcprob": 0.8512051031341589, "trnsize": 4.197383010575802}, "datetime": {"datetime": "2022-05-04 15:40:40", "elapsed": 240.54913, "delta": 240.54913}}
{"target": -3.7515293413068473, "params": {"gcprob": 0.0334372985439112, "mutprob": 0.20754063671461398, "pcprob": 0.5121408630516198, "trnsize": 20.153682020375275}, "datetime": {"datetime": "2022-05-04 15:44:40", "elapsed": 480.589654, "delta": 240.040524}}
{"target": -4.212720381577133, "params": {"gcprob": 0.6939762463565919, "mutprob": 0.06146399078160153, "pcprob": 0.25446044898145925, "trnsize": 16.301344367954457}, "datetime": {"datetime": "2022-05-04 15:48:47", "elapsed": 727.970488, "delta": 247.380834}}
{"target": -3.8767907030017015, "params": {"gcprob": 0.7153511299813007, "mutprob": 0.43096033044555176, "pcprob": 0.01674704386223247, "trnsize": 16.924095391373456}, "datetime": {"datetime": "2022-05-04 15:52:50", "elapsed": 970.28727, "delta": 242.316782}}
{"target": -3.929340147373154, "params": {"gcprob": 0.5863935592485158, "mutprob": 0.26024005539295436, "pcprob": 0.40286100707123396, "trnsize": 2.3015803168400977}, "datetime": {"datetime": "2022-05-04 15:56:49", "elapsed": 1209.785352, "delta": 239.498082}}
{"target": -3.8655535296977668, "params": {"gcprob": 0.6740764944464809, "mutprob": 0.3999323157286819, "pcprob": 0.4467850216930972, "trnsize": 5.8521084543596}, "datetime": {"datetime": "2022-05-04 16:00:48", "elapsed": 1448.943474, "delta": 239.158122}}
{"target": -4.137007924865407, "params": {"gcprob": 0.5135108187855862, "mutprob": 0.47021026900743323, "pcprob": 0.6157461937719522, "trnsize": 2.348842021739304}, "datetime": {"datetime": "2022-05-04 16:04:50", "elapsed": 1690.518325, "delta": 241.574851}}
{"target": -4.403867631068725, "params": {"gcprob": 0.8401496373151888, "mutprob": 0.29408767396117824, "pcprob": 0.77621904237227, "trnsize": 8.998447061202556}, "datetime": {"datetime": "2022-05-04 16:08:50", "elapsed": 1930.582184, "delta": 240.063859}}
{"target": -2.8370225466897607, "params": {"gcprob": 0.17994361982846885, "mutprob": 0.4203597254590834, "pcprob": 0.2236790991214086, "trnsize": 3.5102687177139282}, "datetime": {"datetime": "2022-05-04 16:12:49", "elapsed": 2169.900619, "delta": 239.318435}}
{"target": -3.510547601633681, "params": {"gcprob": 0.4711673978091321, "mutprob": 0.396731909073304, "pcprob": 0.13399416037096856, "trnsize": 13.22185102874734}, "datetime": {"datetime": "2022-05-04 16:16:49", "elapsed": 2409.337257, "delta": 239.436638}}
{"target": -3.6964793719917863, "params": {"gcprob": 0.6920965636502865, "mutprob": 0.2637621076943813, "pcprob": 0.5682958127014442, "trnsize": 12.889308890826555}, "datetime": {"datetime": "2022-05-04 16:20:47", "elapsed": 2648.25389, "delta": 238.916633}}
{"target": -3.340131080340059, "params": {"gcprob": 0.12735083429580452, "mutprob": 0.4025874822739942, "pcprob": 0.15307703997426392, "trnsize": 3.2525740943080645}, "datetime": {"datetime": "2022-05-04 16:24:48", "elapsed": 2888.691358, "delta": 240.437468}}
{"target": -4.01584756859857, "params": {"gcprob": 0.36947231540632874, "mutprob": 0.39122376057814595, "pcprob": 0.8893787572108557, "trnsize": 1.509857113495837}, "datetime": {"datetime": "2022-05-04 16:29:19", "elapsed": 3160.009489, "delta": 271.318131}}
{"target": -3.7939435998037694, "params": {"gcprob": 0.10457167381870025, "mutprob": 0.20954159009501844, "pcprob": 0.5308147394117624, "trnsize": 20.164541511230965}, "datetime": {"datetime": "2022-05-04 16:33:19", "elapsed": 3400.182616, "delta": 240.173127}}
{"target": -3.084173291693682, "params": {"gcprob": 0.154875527026458, "mutprob": 0.5, "pcprob": 0.03328298169733958, "trnsize": 3.7012795435824684}, "datetime": {"datetime": "2022-05-04 16:37:57", "elapsed": 3677.65679, "delta": 277.474174}}
{"target": -3.1028416946805364, "params": {"gcprob": 0.5193463290342348, "mutprob": 0.32483371074174144, "pcprob": 0.2621727007397948, "trnsize": 3.5981055258353747}, "datetime": {"datetime": "2022-05-04 16:41:59", "elapsed": 3919.431311, "delta": 241.774521}}
{"target": -3.844540630363339, "params": {"gcprob": 0.12823854588322747, "mutprob": 0.17105888378590928, "pcprob": 0.593175814723607, "trnsize": 16.208877142796403}, "datetime": {"datetime": "2022-05-04 16:46:01", "elapsed": 4161.993132, "delta": 242.561821}}
{"target": -3.827095407971637, "params": {"gcprob": 0.07662664129935248, "mutprob": 0.19970472581222926, "pcprob": 0.21703458038687495, "trnsize": 3.647908908377614}, "datetime": {"datetime": "2022-05-04 16:50:09", "elapsed": 4409.276269, "delta": 247.283137}}
{"target": -4.117763170159239, "params": {"gcprob": 0.31210713320246397, "mutprob": 0.21499331581811404, "pcprob": 0.9153132287798794, "trnsize": 24.766443070107954}, "datetime": {"datetime": "2022-05-04 16:54:10", "elapsed": 4650.861638, "delta": 241.585369}}
{"target": -3.6596987179383276, "params": {"gcprob": 0.373232919119683, "mutprob": 0.5, "pcprob": 0.11248285346675742, "trnsize": 3.4875561375692774}, "datetime": {"datetime": "2022-05-04 16:58:10", "elapsed": 4891.098188, "delta": 240.23655}}
{"target": -3.7811836134273484, "params": {"gcprob": 0.47432441984003026, "mutprob": 0.07764306228146667, "pcprob": 0.45646881475992196, "trnsize": 22.821841268815657}, "datetime": {"datetime": "2022-05-04 17:02:10", "elapsed": 5130.470902, "delta": 239.372714}}
{"target": -2.83856040523253, "params": {"gcprob": 0.17772571003827237, "mutprob": 0.5, "pcprob": 0.2559079183313503, "trnsize": 3.6471926458123187}, "datetime": {"datetime": "2022-05-04 17:06:11", "elapsed": 5371.760064, "delta": 241.289162}}
{"target": -4.3330645323855554, "params": {"gcprob": 0.5428422798867818, "mutprob": 0.12026242809526794, "pcprob": 0.2460649029063594, "trnsize": 15.169759886711281}, "datetime": {"datetime": "2022-05-04 17:10:30", "elapsed": 5630.349895, "delta": 258.589831}}
{"target": -3.89531118092145, "params": {"gcprob": 0.2632222760335593, "mutprob": 0.43314067752135305, "pcprob": 0.45184915296166617, "trnsize": 3.4436819030926458}, "datetime": {"datetime": "2022-05-04 17:14:40", "elapsed": 5880.888133, "delta": 250.538238}}
{"target": -3.7831469855827087, "params": {"gcprob": 0.06264450621016944, "mutprob": 0.5, "pcprob": 0.1646451070254055, "trnsize": 3.5522952571908673}, "datetime": {"datetime": "2022-05-04 17:19:22", "elapsed": 6162.844695, "delta": 281.956562}}
{"target": -4.551399382750421, "params": {"gcprob": 0.78705779146605, "mutprob": 0.0050576099071028, "pcprob": 0.2421384921949401, "trnsize": 2.1402924490327013}, "datetime": {"datetime": "2022-05-04 17:23:40", "elapsed": 6420.517958, "delta": 257.673263}}
{"target": -3.4700505044976233, "params": {"gcprob": 0.25564489627527687, "mutprob": 0.40948669860269843, "pcprob": 0.2086158349245138, "trnsize": 3.627450823879338}, "datetime": {"datetime": "2022-05-04 17:28:27", "elapsed": 6707.678401, "delta": 287.160443}}
{"target": -3.7874696684888924, "params": {"gcprob": 0.05971511921942871, "mutprob": 0.20316382326823673, "pcprob": 0.512610450848775, "trnsize": 20.181892656243487}, "datetime": {"datetime": "2022-05-04 17:32:40", "elapsed": 6960.993364, "delta": 253.314963}}
{"target": -4.124164401503101, "params": {"gcprob": 0.6789178604200611, "mutprob": 0.052845232543905385, "pcprob": 0.6723734989854143, "trnsize": 24.743329579522747}, "datetime": {"datetime": "2022-05-04 17:36:53", "elapsed": 7213.288772, "delta": 252.295408}}
{"target": -3.320003310865053, "params": {"gcprob": 0.20209303114239419, "mutprob": 0.4069383091275814, "pcprob": 0.21435513821852142, "trnsize": 3.4112156427848284}, "datetime": {"datetime": "2022-05-04 17:41:01", "elapsed": 7462.118874, "delta": 248.830102}}
{"target": -3.640461567449986, "params": {"gcprob": 0.19592770670779092, "mutprob": 0.4988199774257158, "pcprob": 0.28113227193674023, "trnsize": 3.5480518313491345}, "datetime": {"datetime": "2022-05-04 17:45:11", "elapsed": 7712.243213, "delta": 250.124339}}
{"target": -3.61173205371322, "params": {"gcprob": 0.16500921598352847, "mutprob": 0.405962154079193, "pcprob": 0.14158951097657635, "trnsize": 3.5634326431598957}, "datetime": {"datetime": "2022-05-04 17:49:21", "elapsed": 7961.57852, "delta": 249.335307}}
{"target": -4.1158580037852, "params": {"gcprob": 0.336330601806912, "mutprob": 0.03819129490177031, "pcprob": 0.13265404138093106, "trnsize": 8.641865158951962}, "datetime": {"datetime": "2022-05-04 17:53:33", "elapsed": 8213.773546, "delta": 252.195026}}
{"target": -3.9373862125880934, "params": {"gcprob": 0.9721118747875153, "mutprob": 0.4992401679253352, "pcprob": 0.3015580764157033, "trnsize": 12.711313295082416}, "datetime": {"datetime": "2022-05-04 17:57:43", "elapsed": 8463.863615, "delta": 250.090069}}
{"target": -3.9733185500074657, "params": {"gcprob": 0.5479721186194468, "mutprob": 0.37446631453509743, "pcprob": 0.2384902818400929, "trnsize": 3.6856106955420884}, "datetime": {"datetime": "2022-05-04 18:01:52", "elapsed": 8713.203422, "delta": 249.339807}}
{"target": -4.260454459829151, "params": {"gcprob": 0.7217321288024773, "mutprob": 0.20784063674042258, "pcprob": 0.5654085672190502, "trnsize": 12.892146152069591}, "datetime": {"datetime": "2022-05-04 18:06:06", "elapsed": 8966.903575, "delta": 253.700153}}
{"target": -3.6905642672478165, "params": {"gcprob": 0.4508467684798243, "mutprob": 0.05372731636113426, "pcprob": 0.5438685688703154, "trnsize": 6.6655038475872255}, "datetime": {"datetime": "2022-05-04 18:10:16", "elapsed": 9216.903726, "delta": 250.000151}}
{"target": -4.320335846378513, "params": {"gcprob": 0.5786613390514231, "mutprob": 0.08603270827457038, "pcprob": 0.4328954101050516, "trnsize": 14.699681586693746}, "datetime": {"datetime": "2022-05-04 18:14:27", "elapsed": 9467.304164, "delta": 250.400438}}
{"target": -4.14175400277, "params": {"gcprob": 0.9077559602679323, "mutprob": 0.2784091444027029, "pcprob": 0.4552838224756307, "trnsize": 20.487652609265933}, "datetime": {"datetime": "2022-05-04 18:18:36", "elapsed": 9717.009053, "delta": 249.704889}}
